[debug] [2025-09-20T07:54:07.672Z] ----------------------------------------------------------------------
[debug] [2025-09-20T07:54:07.676Z] Command:       /usr/bin/node /home/catelle/.npm/_npx/7750544ccf494d8b/node_modules/.bin/firebase init
[debug] [2025-09-20T07:54:07.677Z] CLI Version:   14.17.0
[debug] [2025-09-20T07:54:07.677Z] Platform:      linux
[debug] [2025-09-20T07:54:07.677Z] Node Version:  v20.19.2
[debug] [2025-09-20T07:54:07.677Z] Time:          Sat Sep 20 2025 08:54:07 GMT+0100 (West Africa Standard Time)
[debug] [2025-09-20T07:54:07.678Z] ----------------------------------------------------------------------
[debug] 
[debug] [2025-09-20T07:54:07.682Z] >>> [apiv2][query] GET https://firebase-public.firebaseio.com/cli.json [none]
[debug] [2025-09-20T07:54:08.324Z] > command requires scopes: ["email","openid","https://www.googleapis.com/auth/cloudplatformprojects.readonly","https://www.googleapis.com/auth/firebase","https://www.googleapis.com/auth/cloud-platform"]
[debug] [2025-09-20T07:54:08.325Z] > authorizing via signed-in user (catelleningha@gmail.com)
[info] 
     ######## #### ########  ######## ########     ###     ######  ########
     ##        ##  ##     ## ##       ##     ##  ##   ##  ##       ##
     ######    ##  ########  ######   ########  #########  ######  ######
     ##        ##  ##    ##  ##       ##     ## ##     ##       ## ##
     ##       #### ##     ## ######## ########  ##     ##  ######  ########

You're about to initialize a Firebase project in this directory:

  /home/catelle/Documents/FADI/nappyMine

Before we get started, keep in mind:

  * You are initializing within an existing Firebase project directory

[debug] [2025-09-20T07:54:09.231Z] <<< [apiv2][status] GET https://firebase-public.firebaseio.com/cli.json 200
[debug] [2025-09-20T07:54:09.231Z] <<< [apiv2][body] GET https://firebase-public.firebaseio.com/cli.json {"cloudBuildErrorAfter":1594252800000,"cloudBuildWarnAfter":1590019200000,"defaultNode10After":1594252800000,"minVersion":"3.0.5","node8DeploysDisabledAfter":1613390400000,"node8RuntimeDisabledAfter":1615809600000,"node8WarnAfter":1600128000000}
